Diagnose log at 2021-11-08T09:56:57Z

Executable: C:\Program Files\Git\mingw64\libexec\git-core\git-credential-manager-core.exe
Version: 2.0.567+3047faf390

------------
Diagnostic: Environment
Skipped: False
Success: True
Exception: None
Log:
OSType: Windows
OSVersion: 10.0 (build 22000)
Reading environment variables... OK
 Variables:
HOMEPATH=\Users\KracmarOndrej
DriverData=C:\Windows\System32\Drivers\DriverData
COMPUTERNAME=ISMPMCLN1
CommonProgramFiles(x86)=C:\Program Files (x86)\Common Files
OneDrive=C:\Users\KracmarOndrej\OneDrive - i-SYSTEM
WT_PROFILE_ID={574e775e-4f2a-5b96-ac1e-a2962a402336}
PROCESSOR_REVISION=8e0a
PATHEXT=.COM;.EXE;.BAT;.CMD;.VBS;.VBE;.JS;.JSE;.WSF;.WSH;.MSC;.CPL
TMP=C:\Users\KRACMA~1\AppData\Local\Temp
TEMP=C:\Users\KRACMA~1\AppData\Local\Temp
LOCALAPPDATA=C:\Users\KracmarOndrej\AppData\Local
MSYSTEM=MINGW64
TERM=cygwin
PROCESSOR_IDENTIFIER=Intel64 Family 6 Model 142 Stepping 10, GenuineIntel
USERDOMAIN=AzureAD
ProgramFiles(x86)=C:\Program Files (x86)
Path=C:/Program Files/Git/mingw64/libexec/git-core;C:\Program Files\Git\mingw64\bin;C:\Program Files\Git\usr\bin;C:\Users\KracmarOndrej\bin;C:\Program Files\PowerShell\7;C:\Program Files (x86)\Microsoft SDKs\Azure\CLI2\wbin;C:\Program Files (x86)\Microsoft SDKs\Azdata\CLI\wbin;C:\WINDOWS\system32;C:\WINDOWS;C:\WINDOWS\System32\Wbem;C:\WINDOWS\System32\WindowsPowerShell\v1.0\;C:\WINDOWS\System32\OpenSSH\;C:\Program Files\Microsoft SQL Server\130\Tools\Binn\;C:\Program Files\Microsoft SQL Server\Client SDK\ODBC\170\Tools\Binn\;C:\Program Files\dotnet\;C:\Program Files\Git\cmd;C:\Program Files\PowerShell\7\;C:\Program Files\Microsoft\Azure Functions Core Tools\;C:\Users\KracmarOndrej\AppData\Local\Microsoft\WindowsApps;C:\Users\KracmarOndrej\AppData\Local\Programs\Azure Data Studio\bin;C:\Users\KracmarOndrej\.bicep;C:\Users\KracmarOndrej\AppData\Local\Programs\Bicep CLI;C:\Users\KracmarOndrej\AppData\Local\Programs\Microsoft VS Code\bin;C:\Users\KracmarOndrej\.dotnet\tools
POWERSHELL_DISTRIBUTION_CHANNEL=MSI:Windows 10 Pro
PROCESSOR_LEVEL=6
NUMBER_OF_PROCESSORS=8
TMPDIR=C:\Users\KRACMA~1\AppData\Local\Temp
PSModulePath=C:\Users\KracmarOndrej\Documents\PowerShell\Modules;C:\Program Files\PowerShell\Modules;c:\program files\powershell\7\Modules;C:\Program Files\WindowsPowerShell\Modules;C:\WINDOWS\system32\WindowsPowerShell\v1.0\Modules
PUBLIC=C:\Users\Public
CommonProgramFiles=C:\Program Files (x86)\Common Files
WT_SESSION=f6ee699d-82c5-49cc-b920-1221707fd7a9
WSLENV=WT_SESSION::WT_PROFILE_ID
USERPROFILE=C:\Users\KracmarOndrej
PLINK_PROTOCOL=ssh
ProgramData=C:\ProgramData
ProgramW6432=C:\Program Files
ProgramFiles=C:\Program Files (x86)
SystemRoot=C:\WINDOWS
HOME=C:\Users\KracmarOndrej
LC_CTYPE=C.UTF-8
CommonProgramW6432=C:\Program Files\Common Files
LOGONSERVER=\\ISMPMCLN1
GIT_EXEC_PATH=C:/Program Files/Git/mingw64/libexec/git-core
USERDOMAIN_ROAMINGPROFILE=AzureAD
APPDATA=C:\Users\KracmarOndrej\AppData\Roaming
HOMEDRIVE=C:
OneDriveCommercial=C:\Users\KracmarOndrej\OneDrive - i-SYSTEM
USERNAME=KracmarOndrej
PROCESSOR_ARCHITEW6432=AMD64
PROCESSOR_ARCHITECTURE=x86
OS=Windows_NT
ComSpec=C:\WINDOWS\system32\cmd.exe
SystemDrive=C:
windir=C:\WINDOWS
OneDriveConsumer=C:\Users\KracmarOndrej\OneDrive
ALLUSERSPROFILE=C:\ProgramData


------------
Diagnostic: File system
Skipped: False
Success: True
Exception: None
Log:
Temporary directory is 'C:\Users\KracmarOndrej\AppData\Local\Temp\'...
Checking basic file I/O...
Writing to temporary file 'C:\Users\KracmarOndrej\AppData\Local\Temp\214b47a885973976132431a9'... OK
Reading from temporary file 'C:\Users\KracmarOndrej\AppData\Local\Temp\214b47a885973976132431a9'... OK
Deleting temporary file 'C:\Users\KracmarOndrej\AppData\Local\Temp\214b47a885973976132431a9'... OK
Testing IFileSystem instance...
UserHomePath: C:\Users\KracmarOndrej
UserDataDirectoryPath: C:\Users\KracmarOndrej\.gcm
GetCurrentDirectory(): C:\Projects\PSModules\PSOffice365Reports

------------
Diagnostic: Networking
Skipped: False
Success: True
Exception: None
Log:
Checking basic networking and HTTP stack...
Creating HTTP client... OK
IsNetworkAvailable: True
Sending HEAD request to http://example.com... OK
Sending HEAD request to https://example.com... OK
Acquiring free TCP port... OK
Testing local HTTP loopback connections...
Creating new HTTP listener for http://localhost:56353/... OK
Waiting for loopback connection... OK
Writing response... OK
Waiting for response data... OK
Loopback connection data OK
Testing with IHttpClientFactory created HTTP client...
Creating HTTP client... OK
IsNetworkAvailable: True
Sending HEAD request to http://example.com... OK
Sending HEAD request to https://example.com... OK
Acquiring free TCP port... OK
Testing local HTTP loopback connections...
Creating new HTTP listener for http://localhost:56355/... OK
Waiting for loopback connection... OK
Writing response... OK
Waiting for response data... OK
Loopback connection data OK

------------
Diagnostic: Git
Skipped: False
Success: True
Exception: None
Log:
Getting Git version... OK
Git version is '2.33.1.windows.1'
Locating current repository... OK
Git repository at 'C:/Projects/PSModules/PSOffice365Reports/.git'
Listing all Git configuration... OK
Git configuration:
file:C:/Program Files/Git/etc/gitconfig	diff.astextplain.textconv=astextplain
file:C:/Program Files/Git/etc/gitconfig	filter.lfs.clean=git-lfs clean -- %f
file:C:/Program Files/Git/etc/gitconfig	filter.lfs.smudge=git-lfs smudge -- %f
file:C:/Program Files/Git/etc/gitconfig	filter.lfs.process=git-lfs filter-process
file:C:/Program Files/Git/etc/gitconfig	filter.lfs.required=true
file:C:/Program Files/Git/etc/gitconfig	http.sslbackend=openssl
file:C:/Program Files/Git/etc/gitconfig	http.sslcainfo=C:/Program Files/Git/mingw64/ssl/certs/ca-bundle.crt
file:C:/Program Files/Git/etc/gitconfig	core.autocrlf=true
file:C:/Program Files/Git/etc/gitconfig	core.fscache=true
file:C:/Program Files/Git/etc/gitconfig	core.symlinks=false
file:C:/Program Files/Git/etc/gitconfig	pull.rebase=false
file:C:/Program Files/Git/etc/gitconfig	init.defaultbranch=master
file:C:/Program Files/Git/etc/gitconfig	credential.helper=manager-core
file:C:/Program Files/Git/etc/gitconfig	credential.helper=
file:C:/Program Files/Git/etc/gitconfig	credential.helper=C:/Program\ Files\ \(x86\)/Git\ Credential\ Manager\ Core/git-credential-manager-core
file:C:/Program Files/Git/etc/gitconfig	credential.helper=
file:C:/Program Files/Git/etc/gitconfig	credential.helper=C:/Program\ Files\ \(x86\)/Git\ Credential\ Manager\ Core/git-credential-manager-core.exe
file:C:/Users/KracmarOndrej/.gitconfig	user.name=Ondrej Kracmar
file:C:/Users/KracmarOndrej/.gitconfig	user.email=ondrej.kracmar@email.cz
file:C:/Users/KracmarOndrej/.gitconfig	credential.helper=manager
file:C:/Users/KracmarOndrej/.gitconfig	credential.helper=
file:C:/Users/KracmarOndrej/.gitconfig	credential.helper=C:/Program\ Files/Git/mingw64/libexec/git-core/git-credential-manager-core.exe
file:C:/Users/KracmarOndrej/.gitconfig	credential.https://dev.azure.com.usehttppath=true
file:.git/config	core.repositoryformatversion=0
file:.git/config	core.filemode=false
file:.git/config	core.bare=false
file:.git/config	core.logallrefupdates=true
file:.git/config	core.symlinks=false
file:.git/config	core.ignorecase=true
file:.git/config	remote.master.url=https://i-system@dev.azure.com/i-system/PSOffice365Reports/_git/PSOffice365Reports
file:.git/config	remote.master.fetch=+refs/heads/*:refs/remotes/master/*
file:.git/config	branch.master.remote=master
file:.git/config	branch.master.merge=refs/heads/master
file:.git/config	branch.dev.remote=master
file:.git/config	branch.dev.merge=refs/heads/dev


------------
Diagnostic: Credential storage
Skipped: False
Success: True
Exception: None
Log:
ICredentialStore instance is of type: CredentialStore
Writing test credential... OK
Reading test credential... OK
Deleting test credential... OK

------------
Diagnostic: Microsoft authentication (AAD/MSA)
Skipped: False
Success: True
Exception: None
Log:
Broker not supported.
Flow type is: Auto
Gathering MSAL token cache data... OK
CacheDirectory: C:\Users\KracmarOndrej\AppData\Local\.IdentityService
CacheFileName: msal.cache
CacheFilePath: C:\Users\KracmarOndrej\AppData\Local\.IdentityService\msal.cache
Creating cache helper... OK
Verifying MSAL token cache persistence... OK

------------
Diagnostic: GitHub API
Skipped: False
Success: True
Exception: None
Log:
Using 'https://github.com/' as API target.
Querying '/meta' endpoint... OK

